2023-07-06 02:10:57 +0000  Initial pipeline context: <IDEDistributionProcessingPipelineContext: 0x2db047580; archive(resolved)="<IDEArchive: 0x60001003d560>", distributionTask(resolved)="2", distributionDestination(resolved)="1", distributionMethod(resolved)="<IDEDistributionMethodDevelopmentSignedMac: 0x6000526cf090>", team(resolved)="<IDEProvisioningDisambiguatableBasicTeam: 0x60000318f100; teamID='NKUM9ECHWG', teamName='을연 조', teamType='(null)', username='(null)', isFreeProvisioningTeam='0'>">
	Chain (11, self inclusive):
	<IDEDistributionProcessingPipelineContext: 0x2db047580; archive = "<IDEArchive: 0x60001003d560>", distributionMethod="<IDEDistributionMethodDevelopmentSignedMac: 0x6000526cf090>", team="<IDEProvisioningDisambiguatableBasicTeam: 0x60000318f100; teamID='NKUM9ECHWG', teamName='을연 조', teamType='(null)', username='(null)', isFreeProvisioningTeam='0'>">
	<IDEDistributionProcessingPipelineContext: 0x2a46e31b0; archive = "<IDEArchive: 0x60001003d560>", distributionMethod="<IDEDistributionMethodDevelopmentSignedMac: 0x6000526cf090>", team="<IDEProvisioningDisambiguatableBasicTeam: 0x60000318f100; teamID='NKUM9ECHWG', teamName='을연 조', teamType='(null)', username='(null)', isFreeProvisioningTeam='0'>">
	<IDEDistributionContext: 0x2a4043510; archive = "<IDEArchive: 0x60001003d560>", distributionMethod="<IDEDistributionMethodDevelopmentSignedMac: 0x6000526cf090>", team="<IDEProvisioningDisambiguatableBasicTeam: 0x60000318f100; teamID='NKUM9ECHWG', teamName='을연 조', teamType='(null)', username='(null)', isFreeProvisioningTeam='0'>">
	<IDEDistributionContext: 0x11157c0b0; archive = "<IDEArchive: 0x60001003d560>", distributionMethod="<IDEDistributionMethodDevelopmentSignedMac: 0x6000526cf090>", team="<IDEProvisioningDisambiguatableBasicTeam: 0x60000318f100; teamID='NKUM9ECHWG', teamName='을연 조', teamType='(null)', username='(null)', isFreeProvisioningTeam='0'>">
	<IDEDistributionContext: 0x2a418b150; archive = "<IDEArchive: 0x60001003d560>", distributionMethod="<IDEDistributionMethodDevelopmentSignedMac: 0x6000526cf090>", team="<IDEProvisioningDisambiguatableBasicTeam: 0x60000318f100; teamID='NKUM9ECHWG', teamName='을연 조', teamType='(null)', username='(null)', isFreeProvisioningTeam='0'>">
	<IDEDistributionContext: 0x111575b30; archive = "<IDEArchive: 0x60001003d560>", distributionMethod="<IDEDistributionMethodDevelopmentSignedMac: 0x6000526cf090>", team="<IDEProvisioningDisambiguatableBasicTeam: 0x60000318f100; teamID='NKUM9ECHWG', teamName='을연 조', teamType='(null)', username='(null)', isFreeProvisioningTeam='0'>">
	<IDEDistributionContext: 0x14319e660; archive = "<IDEArchive: 0x60001003d560>", distributionMethod="<IDEDistributionMethodDevelopmentSignedMac: 0x6000526cf090>", team="<IDEProvisioningDisambiguatableBasicTeam: 0x60000318f100; teamID='NKUM9ECHWG', teamName='을연 조', teamType='(null)', username='(null)', isFreeProvisioningTeam='0'>">
	<IDEDistributionContext: 0x2dde48360; archive = "<IDEArchive: 0x60001003d560>", distributionMethod="<IDEDistributionMethodDevelopmentSignedMac: 0x6000526cf090>", team="(null)">
	<IDEDistributionContext: 0x2a407e9c0; archive = "<IDEArchive: 0x60001003d560>", distributionMethod="<IDEDistributionMethodDevelopmentSignedMac: 0x6000526cf090>", team="(null)">
	<IDEDistributionContext: 0x2a46207e0; archive = "<IDEArchive: 0x60001003d560>", distributionMethod="<IDEDistributionMethodDevelopmentSignedMac: 0x6000526cf090>", team="(null)">
	<IDEDistributionContext: 0x2a40b8970; archive = "<IDEArchive: 0x60001003d560>", distributionMethod="(null)", team="(null)">
</IDEDistributionProcessingPipelineContext: 0x2db047580>
2023-07-06 02:10:57 +0000  Processing step: IDEDistributionCreateDestRootStep
2023-07-06 02:10:57 +0000  Processing step: IDEDistributionCopyItemStep
2023-07-06 02:10:57 +0000  Running /usr/bin/ditto '-V' '/Users/cho-eul-yeon/Library/Developer/Xcode/Archives/2023-07-06/SimpleScreenRecorder 2023-07-06 11.10 AM.xcarchive/Products/Applications/SimpleScreenRecorder.app' '/var/folders/ts/ps8z7y217_zfl6rw4bdmy9jw0000gn/T/XcodeDistPipeline.~~~JcqM5Y/Root/Applications/SimpleScreenRecorder.app'
2023-07-06 02:10:57 +0000  >>> Copying /Users/cho-eul-yeon/Library/Developer/Xcode/Archives/2023-07-06/SimpleScreenRecorder 2023-07-06 11.10 AM.xcarchive/Products/Applications/SimpleScreenRecorder.app 
2023-07-06 02:10:57 +0000  copying file ./Contents/_CodeSignature/CodeResources ... 
2023-07-06 02:10:57 +0000  2200 bytes for ./Contents/_CodeSignature/CodeResources
2023-07-06 02:10:57 +0000  copying file ./Contents/MacOS/SimpleScreenRecorder ... 
2023-07-06 02:10:57 +0000  212272 bytes for ./Contents/MacOS/SimpleScreenRecorder
2023-07-06 02:10:57 +0000  copying file ./Contents/Info.plist ... 
2023-07-06 02:10:57 +0000  1826 bytes for ./Contents/Info.plist
2023-07-06 02:10:57 +0000  copying file ./Contents/PkgInfo ... 
2023-07-06 02:10:57 +0000  8 bytes for ./Contents/PkgInfo
2023-07-06 02:10:57 +0000  /usr/bin/ditto exited with 0
2023-07-06 02:10:57 +0000  Processing step: IDEDistributionEmbedProfileStep
2023-07-06 02:10:57 +0000  Skipping profile for item: <IDEDistributionItem: 0x600010068480; bundleID='com.controlroom.simplescreenrecorder.SimpleScreenRecorder', path='<DVTFilePath:0x600004be6080:'/Users/cho-eul-yeon/Library/Developer/Xcode/Archives/2023-07-06/SimpleScreenRecorder 2023-07-06 11.10 AM.xcarchive/Products/Applications/SimpleScreenRecorder.app'>', codeSigningInfo='<_DVTCodeSigningInformation_Path: 0x60000446d450; isSigned='1', isAdHocSigned='1', signingCertificate='(null)', entitlements='{
    "com.apple.security.app-sandbox" = 1;
    "com.apple.security.files.user-selected.read-only" = 1;
}', teamID='(null)', identifier='com.controlroom.simplescreenrecorder.SimpleScreenRecorder', executablePath='<DVTFilePath:0x600008d39030:'/Users/cho-eul-yeon/Library/Developer/Xcode/Archives/2023-07-06/SimpleScreenRecorder 2023-07-06 11.10 AM.xcarchive/Products/Applications/SimpleScreenRecorder.app/Contents/MacOS/SimpleScreenRecorder'>', hardenedRuntime='0'>'>
2023-07-06 02:10:57 +0000  Processing step: IDEDistributionInfoPlistStep
2023-07-06 02:10:57 +0000  Skipping step: IDEDistributionInfoPlistStep because it said so
2023-07-06 02:10:57 +0000  Processing step: IDEDistributionAppThinningPlistStep
2023-07-06 02:10:57 +0000  Processing step: IDEDistributionCompileBitcodeStep
2023-07-06 02:10:57 +0000  Skipping step: IDEDistributionCompileBitcodeStep because it said so
2023-07-06 02:10:57 +0000  Processing step: IDEDistributionCodeSlimmingStep
2023-07-06 02:10:57 +0000  Processing step: IDEDistributionCopyBCSymbolMapsStep
2023-07-06 02:10:57 +0000  Skipping step: IDEDistributionCopyBCSymbolMapsStep because it said so
2023-07-06 02:10:57 +0000  Processing step: IDEDistributionSymbolsStep
2023-07-06 02:10:57 +0000  Skipping step: IDEDistributionSymbolsStep because it said so
2023-07-06 02:10:57 +0000  Processing step: IDEDistributionAppThinningStep
2023-07-06 02:10:57 +0000  Skipping step: IDEDistributionAppThinningStep because it said so
2023-07-06 02:10:57 +0000  Processing step: IDEDistributionArchThinningStep
2023-07-06 02:10:57 +0000  Running /Applications/Xcode.app/Contents/Developer/Toolchains/XcodeDefault.xctoolchain/usr/bin/lipo '/var/folders/ts/ps8z7y217_zfl6rw4bdmy9jw0000gn/T/XcodeDistPipeline.~~~JcqM5Y/Root/Applications/SimpleScreenRecorder.app/Contents/MacOS/SimpleScreenRecorder' '-verify_arch' 'arm64e'
2023-07-06 02:10:57 +0000  /Applications/Xcode.app/Contents/Developer/Toolchains/XcodeDefault.xctoolchain/usr/bin/lipo exited with 1
2023-07-06 02:10:57 +0000  Skipping architecture thinning for item "SimpleScreenRecorder" because arch "arm64e" wasn't found
2023-07-06 02:10:57 +0000  Processing step: IDEDistributionODRStep
2023-07-06 02:10:57 +0000  Processing step: IDEDistributionStripXattrsStep
2023-07-06 02:10:57 +0000  Running /usr/bin/xattr '-crs' '/var/folders/ts/ps8z7y217_zfl6rw4bdmy9jw0000gn/T/XcodeDistPipeline.~~~JcqM5Y/Root/Applications/SimpleScreenRecorder.app'
2023-07-06 02:10:57 +0000  /usr/bin/xattr exited with 0
2023-07-06 02:10:57 +0000  Processing step: IDEDistributionCodesignStep
2023-07-06 02:10:57 +0000  Entitlements for <IDEDistributionItem: 0x600010068480; bundleID='com.controlroom.simplescreenrecorder.SimpleScreenRecorder', path='<DVTFilePath:0x600004be6080:'/Users/cho-eul-yeon/Library/Developer/Xcode/Archives/2023-07-06/SimpleScreenRecorder 2023-07-06 11.10 AM.xcarchive/Products/Applications/SimpleScreenRecorder.app'>', codeSigningInfo='<_DVTCodeSigningInformation_Path: 0x60000446d450; isSigned='1', isAdHocSigned='1', signingCertificate='(null)', entitlements='{
    "com.apple.security.app-sandbox" = 1;
    "com.apple.security.files.user-selected.read-only" = 1;
}', teamID='(null)', identifier='com.controlroom.simplescreenrecorder.SimpleScreenRecorder', executablePath='<DVTFilePath:0x600008d39030:'/Users/cho-eul-yeon/Library/Developer/Xcode/Archives/2023-07-06/SimpleScreenRecorder 2023-07-06 11.10 AM.xcarchive/Products/Applications/SimpleScreenRecorder.app/Contents/MacOS/SimpleScreenRecorder'>', hardenedRuntime='0'>'>: {
    "com.apple.security.app-sandbox" = 1;
    "com.apple.security.files.user-selected.read-only" = 1;
}
2023-07-06 02:10:57 +0000  Entitlements for <IDEDistributionItem: 0x600010068480; bundleID='com.controlroom.simplescreenrecorder.SimpleScreenRecorder', path='<DVTFilePath:0x600004be6080:'/Users/cho-eul-yeon/Library/Developer/Xcode/Archives/2023-07-06/SimpleScreenRecorder 2023-07-06 11.10 AM.xcarchive/Products/Applications/SimpleScreenRecorder.app'>', codeSigningInfo='<_DVTCodeSigningInformation_Path: 0x60000446d450; isSigned='1', isAdHocSigned='1', signingCertificate='(null)', entitlements='{
    "com.apple.security.app-sandbox" = 1;
    "com.apple.security.files.user-selected.read-only" = 1;
}', teamID='(null)', identifier='com.controlroom.simplescreenrecorder.SimpleScreenRecorder', executablePath='<DVTFilePath:0x600008d39030:'/Users/cho-eul-yeon/Library/Developer/Xcode/Archives/2023-07-06/SimpleScreenRecorder 2023-07-06 11.10 AM.xcarchive/Products/Applications/SimpleScreenRecorder.app/Contents/MacOS/SimpleScreenRecorder'>', hardenedRuntime='0'>'> are: {
    "com.apple.security.app-sandbox" = 1;
    "com.apple.security.files.user-selected.read-only" = 1;
}
2023-07-06 02:10:57 +0000  Writing entitlements for <IDEDistributionItem: 0x600010068480; bundleID='com.controlroom.simplescreenrecorder.SimpleScreenRecorder', path='<DVTFilePath:0x600004be6080:'/Users/cho-eul-yeon/Library/Developer/Xcode/Archives/2023-07-06/SimpleScreenRecorder 2023-07-06 11.10 AM.xcarchive/Products/Applications/SimpleScreenRecorder.app'>', codeSigningInfo='<_DVTCodeSigningInformation_Path: 0x60000446d450; isSigned='1', isAdHocSigned='1', signingCertificate='(null)', entitlements='{
    "com.apple.security.app-sandbox" = 1;
    "com.apple.security.files.user-selected.read-only" = 1;
}', teamID='(null)', identifier='com.controlroom.simplescreenrecorder.SimpleScreenRecorder', executablePath='<DVTFilePath:0x600008d39030:'/Users/cho-eul-yeon/Library/Developer/Xcode/Archives/2023-07-06/SimpleScreenRecorder 2023-07-06 11.10 AM.xcarchive/Products/Applications/SimpleScreenRecorder.app/Contents/MacOS/SimpleScreenRecorder'>', hardenedRuntime='0'>'> to: /var/folders/ts/ps8z7y217_zfl6rw4bdmy9jw0000gn/T/XcodeDistPipeline.~~~JcqM5Y/entitlements~~~9nDRR5
2023-07-06 02:10:57 +0000  Running /usr/bin/codesign '-vvv' '--force' '--sign' 'EC141362DBDF6A546EABDA09C04076E422B40185' '--entitlements' '/var/folders/ts/ps8z7y217_zfl6rw4bdmy9jw0000gn/T/XcodeDistPipeline.~~~JcqM5Y/entitlements~~~9nDRR5' '--generate-entitlement-der' '--preserve-metadata=identifier,flags,runtime' '/var/folders/ts/ps8z7y217_zfl6rw4bdmy9jw0000gn/T/XcodeDistPipeline.~~~JcqM5Y/Root/Applications/SimpleScreenRecorder.app'
2023-07-06 02:10:57 +0000  /var/folders/ts/ps8z7y217_zfl6rw4bdmy9jw0000gn/T/XcodeDistPipeline.~~~JcqM5Y/Root/Applications/SimpleScreenRecorder.app: replacing existing signature
2023-07-06 02:11:06 +0000  /var/folders/ts/ps8z7y217_zfl6rw4bdmy9jw0000gn/T/XcodeDistPipeline.~~~JcqM5Y/Root/Applications/SimpleScreenRecorder.app: signed app bundle with Mach-O universal (x86_64 arm64) [com.controlroom.simplescreenrecorder.SimpleScreenRecorder]
2023-07-06 02:11:06 +0000  /usr/bin/codesign exited with 0
2023-07-06 02:11:06 +0000  Processing step: IDEDistributionZipODRItemStep
2023-07-06 02:11:06 +0000  Skipping step: IDEDistributionZipODRItemStep because it said so
2023-07-06 02:11:06 +0000  Processing step: IDEDistributionSkipPackagingStep
2023-07-06 02:11:06 +0000  Processing step: IDEDistributionAppStoreInformationStep
2023-07-06 02:11:06 +0000  Skipping step: IDEDistributionAppStoreInformationStep because it said so
2023-07-06 02:11:06 +0000  Processing step: IDEDistributionGenerateProcessedDistributionItems
2023-07-06 02:11:06 +0000  IDEDistributionItem init <DVTFilePath:0x600004b23480:'/var/folders/ts/ps8z7y217_zfl6rw4bdmy9jw0000gn/T/XcodeDistPipeline.~~~JcqM5Y/Root/Applications/SimpleScreenRecorder.app'>
2023-07-06 02:11:06 +0000  [OPTIONAL] Didn't find embedded provisioning profile for <DVTFilePath:0x600004b23480:'/var/folders/ts/ps8z7y217_zfl6rw4bdmy9jw0000gn/T/XcodeDistPipeline.~~~JcqM5Y/Root/Applications/SimpleScreenRecorder.app'>: Error Domain=NSCocoaErrorDomain Code=4 "No file at <DVTFilePath:0x600004a10280:'/var/folders/ts/ps8z7y217_zfl6rw4bdmy9jw0000gn/T/XcodeDistPipeline.~~~JcqM5Y/Root/Applications/SimpleScreenRecorder.app/Contents/embedded.provisionprofile'>" UserInfo={NSLocalizedDescription=No file at <DVTFilePath:0x600004a10280:'/var/folders/ts/ps8z7y217_zfl6rw4bdmy9jw0000gn/T/XcodeDistPipeline.~~~JcqM5Y/Root/Applications/SimpleScreenRecorder.app/Contents/embedded.provisionprofile'>}
2023-07-06 02:11:06 +0000  Processing step: IDEDistributionCreateManifestStep
2023-07-06 02:11:06 +0000  Skipping step: IDEDistributionCreateManifestStep because it said so
